{"D:\\Projects\\School\\tauri\\todo_list\\src\\App.tsx": {"path":"D:\\Projects\\School\\tauri\\todo_list\\src\\App.tsx","all":false,"statementMap":{"0":{"start":{"line":1,"column":0},"end":{"line":1,"column":50}},"1":{"start":{"line":2,"column":0},"end":{"line":2,"column":46}},"2":{"start":{"line":3,"column":0},"end":{"line":3,"column":52}},"3":{"start":{"line":4,"column":0},"end":{"line":4,"column":63}},"4":{"start":{"line":5,"column":0},"end":{"line":5,"column":27}},"5":{"start":{"line":6,"column":0},"end":{"line":6,"column":72}},"6":{"start":{"line":7,"column":0},"end":{"line":7,"column":0}},"7":{"start":{"line":8,"column":0},"end":{"line":8,"column":16}},"8":{"start":{"line":9,"column":0},"end":{"line":9,"column":48}},"9":{"start":{"line":10,"column":0},"end":{"line":10,"column":50}},"10":{"start":{"line":11,"column":0},"end":{"line":11,"column":63}},"11":{"start":{"line":12,"column":0},"end":{"line":12,"column":0}},"12":{"start":{"line":13,"column":0},"end":{"line":13,"column":43}},"13":{"start":{"line":14,"column":0},"end":{"line":14,"column":19}},"14":{"start":{"line":15,"column":0},"end":{"line":15,"column":54}},"15":{"start":{"line":16,"column":0},"end":{"line":16,"column":8}},"16":{"start":{"line":17,"column":0},"end":{"line":17,"column":0}},"17":{"start":{"line":18,"column":0},"end":{"line":18,"column":27}},"18":{"start":{"line":19,"column":0},"end":{"line":19,"column":34}},"19":{"start":{"line":20,"column":0},"end":{"line":20,"column":3}},"20":{"start":{"line":21,"column":0},"end":{"line":21,"column":0}},"21":{"start":{"line":22,"column":0},"end":{"line":22,"column":5}},"22":{"start":{"line":23,"column":0},"end":{"line":23,"column":46}},"23":{"start":{"line":24,"column":0},"end":{"line":24,"column":5}},"24":{"start":{"line":25,"column":0},"end":{"line":25,"column":56}},"25":{"start":{"line":26,"column":0},"end":{"line":26,"column":12}},"26":{"start":{"line":27,"column":0},"end":{"line":27,"column":25}},"27":{"start":{"line":28,"column":0},"end":{"line":28,"column":14}},"28":{"start":{"line":29,"column":0},"end":{"line":29,"column":25}},"29":{"start":{"line":30,"column":0},"end":{"line":30,"column":33}},"30":{"start":{"line":31,"column":0},"end":{"line":31,"column":23}},"31":{"start":{"line":32,"column":0},"end":{"line":32,"column":20}},"32":{"start":{"line":33,"column":0},"end":{"line":33,"column":36}},"33":{"start":{"line":34,"column":0},"end":{"line":34,"column":25}},"34":{"start":{"line":35,"column":0},"end":{"line":35,"column":34}},"35":{"start":{"line":36,"column":0},"end":{"line":36,"column":28}},"36":{"start":{"line":37,"column":0},"end":{"line":37,"column":79}},"37":{"start":{"line":38,"column":0},"end":{"line":38,"column":17}},"38":{"start":{"line":39,"column":0},"end":{"line":39,"column":29}},"39":{"start":{"line":40,"column":0},"end":{"line":40,"column":27}},"40":{"start":{"line":41,"column":0},"end":{"line":41,"column":23}},"41":{"start":{"line":42,"column":0},"end":{"line":42,"column":42}},"42":{"start":{"line":43,"column":0},"end":{"line":43,"column":34}},"43":{"start":{"line":44,"column":0},"end":{"line":44,"column":74}},"44":{"start":{"line":45,"column":0},"end":{"line":45,"column":18}},"45":{"start":{"line":46,"column":0},"end":{"line":46,"column":26}},"46":{"start":{"line":47,"column":0},"end":{"line":47,"column":13}},"47":{"start":{"line":48,"column":0},"end":{"line":48,"column":13}},"48":{"start":{"line":49,"column":0},"end":{"line":49,"column":13}},"49":{"start":{"line":50,"column":0},"end":{"line":50,"column":5}},"50":{"start":{"line":51,"column":0},"end":{"line":51,"column":3}},"51":{"start":{"line":52,"column":0},"end":{"line":52,"column":0}},"52":{"start":{"line":53,"column":0},"end":{"line":53,"column":10}},"53":{"start":{"line":54,"column":0},"end":{"line":54,"column":9}},"54":{"start":{"line":55,"column":0},"end":{"line":55,"column":22}},"55":{"start":{"line":56,"column":0},"end":{"line":56,"column":44}},"56":{"start":{"line":57,"column":0},"end":{"line":57,"column":22}},"57":{"start":{"line":58,"column":0},"end":{"line":58,"column":43}},"58":{"start":{"line":59,"column":0},"end":{"line":59,"column":0}},"59":{"start":{"line":60,"column":0},"end":{"line":60,"column":27}},"60":{"start":{"line":61,"column":0},"end":{"line":61,"column":14}},"61":{"start":{"line":62,"column":0},"end":{"line":62,"column":64}},"62":{"start":{"line":63,"column":0},"end":{"line":63,"column":28}},"63":{"start":{"line":64,"column":0},"end":{"line":64,"column":41}},"64":{"start":{"line":65,"column":0},"end":{"line":65,"column":12}},"65":{"start":{"line":66,"column":0},"end":{"line":66,"column":27}},"66":{"start":{"line":67,"column":0},"end":{"line":67,"column":10}},"67":{"start":{"line":68,"column":0},"end":{"line":68,"column":15}},"68":{"start":{"line":69,"column":0},"end":{"line":69,"column":36}},"69":{"start":{"line":70,"column":0},"end":{"line":70,"column":24}},"70":{"start":{"line":71,"column":0},"end":{"line":71,"column":26}},"71":{"start":{"line":72,"column":0},"end":{"line":72,"column":61}},"72":{"start":{"line":73,"column":0},"end":{"line":73,"column":12}},"73":{"start":{"line":74,"column":0},"end":{"line":74,"column":9}},"74":{"start":{"line":75,"column":0},"end":{"line":75,"column":26}},"75":{"start":{"line":76,"column":0},"end":{"line":76,"column":17}},"76":{"start":{"line":77,"column":0},"end":{"line":77,"column":20}},"77":{"start":{"line":78,"column":0},"end":{"line":78,"column":10}},"78":{"start":{"line":79,"column":0},"end":{"line":79,"column":3}},"79":{"start":{"line":80,"column":0},"end":{"line":80,"column":1}},"80":{"start":{"line":81,"column":0},"end":{"line":81,"column":0}},"81":{"start":{"line":82,"column":0},"end":{"line":82,"column":18}}},"s":{"0":1,"1":1,"2":1,"3":1,"4":1,"5":1,"6":1,"7":35,"8":35,"9":35,"10":35,"11":35,"12":35,"13":35,"14":3,"15":35,"16":35,"17":35,"18":35,"19":35,"20":35,"21":35,"22":35,"23":35,"24":35,"25":70,"26":70,"27":70,"28":70,"29":70,"30":70,"31":5,"32":5,"33":5,"34":5,"35":5,"36":5,"37":5,"38":5,"39":5,"40":5,"41":5,"42":5,"43":5,"44":5,"45":5,"46":5,"47":70,"48":70,"49":70,"50":70,"51":35,"52":35,"53":35,"54":35,"55":35,"56":35,"57":35,"58":35,"59":35,"60":35,"61":35,"62":35,"63":25,"64":25,"65":35,"66":35,"67":35,"68":35,"69":35,"70":35,"71":2,"72":2,"73":35,"74":35,"75":35,"76":35,"77":35,"78":35,"79":35,"80":35,"81":1},"branchMap":{"0":{"type":"branch","line":8,"loc":{"start":{"line":8,"column":0},"end":{"line":82,"column":15}},"locations":[{"start":{"line":8,"column":0},"end":{"line":82,"column":15}}]},"1":{"type":"branch","line":14,"loc":{"start":{"line":14,"column":12},"end":{"line":16,"column":5}},"locations":[{"start":{"line":14,"column":12},"end":{"line":16,"column":5}}]},"2":{"type":"branch","line":15,"loc":{"start":{"line":15,"column":36},"end":{"line":15,"column":54}},"locations":[{"start":{"line":15,"column":36},"end":{"line":15,"column":54}}]},"3":{"type":"branch","line":25,"loc":{"start":{"line":25,"column":45},"end":{"line":51,"column":3}},"locations":[{"start":{"line":25,"column":45},"end":{"line":51,"column":3}}]},"4":{"type":"branch","line":31,"loc":{"start":{"line":31,"column":16},"end":{"line":48,"column":12}},"locations":[{"start":{"line":31,"column":16},"end":{"line":48,"column":12}}]},"5":{"type":"branch","line":37,"loc":{"start":{"line":37,"column":28},"end":{"line":37,"column":79}},"locations":[{"start":{"line":37,"column":28},"end":{"line":37,"column":79}}]},"6":{"type":"branch","line":44,"loc":{"start":{"line":44,"column":27},"end":{"line":44,"column":74}},"locations":[{"start":{"line":44,"column":27},"end":{"line":44,"column":74}}]},"7":{"type":"branch","line":56,"loc":{"start":{"line":56,"column":27},"end":{"line":56,"column":41}},"locations":[{"start":{"line":56,"column":27},"end":{"line":56,"column":41}}]},"8":{"type":"branch","line":58,"loc":{"start":{"line":58,"column":27},"end":{"line":58,"column":40}},"locations":[{"start":{"line":58,"column":27},"end":{"line":58,"column":40}}]},"9":{"type":"branch","line":63,"loc":{"start":{"line":63,"column":21},"end":{"line":65,"column":12}},"locations":[{"start":{"line":63,"column":21},"end":{"line":65,"column":12}}]},"10":{"type":"branch","line":71,"loc":{"start":{"line":71,"column":19},"end":{"line":73,"column":12}},"locations":[{"start":{"line":71,"column":19},"end":{"line":73,"column":12}}]}},"b":{"0":[35],"1":[3],"2":[3],"3":[70],"4":[5],"5":[1],"6":[1],"7":[5],"8":[5],"9":[25],"10":[2]},"fnMap":{"0":{"name":"App","decl":{"start":{"line":8,"column":0},"end":{"line":82,"column":15}},"loc":{"start":{"line":8,"column":0},"end":{"line":82,"column":15}},"line":8},"1":{"name":"ascTodos","decl":{"start":{"line":11,"column":20},"end":{"line":11,"column":63}},"loc":{"start":{"line":11,"column":20},"end":{"line":11,"column":63}},"line":11},"2":{"name":"TodoList","decl":{"start":{"line":25,"column":45},"end":{"line":51,"column":3}},"loc":{"start":{"line":25,"column":45},"end":{"line":51,"column":3}},"line":25},"3":{"name":"onChange","decl":{"start":{"line":37,"column":28},"end":{"line":37,"column":79}},"loc":{"start":{"line":37,"column":28},"end":{"line":37,"column":79}},"line":37},"4":{"name":"onClick","decl":{"start":{"line":44,"column":27},"end":{"line":44,"column":74}},"loc":{"start":{"line":44,"column":27},"end":{"line":44,"column":74}},"line":44},"5":{"name":"filterFn","decl":{"start":{"line":56,"column":27},"end":{"line":56,"column":41}},"loc":{"start":{"line":56,"column":27},"end":{"line":56,"column":41}},"line":56},"6":{"name":"filterFn","decl":{"start":{"line":58,"column":27},"end":{"line":58,"column":40}},"loc":{"start":{"line":58,"column":27},"end":{"line":58,"column":40}},"line":58},"7":{"name":"onChange","decl":{"start":{"line":63,"column":21},"end":{"line":65,"column":12}},"loc":{"start":{"line":63,"column":21},"end":{"line":65,"column":12}},"line":63},"8":{"name":"onClick","decl":{"start":{"line":71,"column":19},"end":{"line":73,"column":12}},"loc":{"start":{"line":71,"column":19},"end":{"line":73,"column":12}},"line":71}},"f":{"0":35,"1":0,"2":70,"3":1,"4":1,"5":5,"6":5,"7":25,"8":2}}
,"D:\\Projects\\School\\tauri\\todo_list\\src\\Todo.ts": {"path":"D:\\Projects\\School\\tauri\\todo_list\\src\\Todo.ts","all":false,"statementMap":{"0":{"start":{"line":1,"column":0},"end":{"line":1,"column":46}},"1":{"start":{"line":2,"column":0},"end":{"line":2,"column":0}},"2":{"start":{"line":3,"column":0},"end":{"line":3,"column":3}},"3":{"start":{"line":4,"column":0},"end":{"line":4,"column":29}},"4":{"start":{"line":5,"column":0},"end":{"line":5,"column":51}},"5":{"start":{"line":6,"column":0},"end":{"line":6,"column":33}},"6":{"start":{"line":7,"column":0},"end":{"line":7,"column":64}},"7":{"start":{"line":8,"column":0},"end":{"line":8,"column":3}},"8":{"start":{"line":9,"column":0},"end":{"line":9,"column":23}},"9":{"start":{"line":10,"column":0},"end":{"line":10,"column":12}},"10":{"start":{"line":11,"column":0},"end":{"line":11,"column":17}},"11":{"start":{"line":12,"column":0},"end":{"line":12,"column":15}},"12":{"start":{"line":13,"column":0},"end":{"line":13,"column":1}},"13":{"start":{"line":14,"column":0},"end":{"line":14,"column":0}},"14":{"start":{"line":15,"column":0},"end":{"line":15,"column":3}},"15":{"start":{"line":16,"column":0},"end":{"line":16,"column":60}},"16":{"start":{"line":17,"column":0},"end":{"line":17,"column":74}},"17":{"start":{"line":18,"column":0},"end":{"line":18,"column":53}},"18":{"start":{"line":19,"column":0},"end":{"line":19,"column":64}},"19":{"start":{"line":20,"column":0},"end":{"line":20,"column":3}},"20":{"start":{"line":21,"column":0},"end":{"line":21,"column":37}},"21":{"start":{"line":22,"column":0},"end":{"line":22,"column":14}},"22":{"start":{"line":23,"column":0},"end":{"line":23,"column":14}},"23":{"start":{"line":24,"column":0},"end":{"line":24,"column":50}},"24":{"start":{"line":25,"column":0},"end":{"line":25,"column":6}},"25":{"start":{"line":26,"column":0},"end":{"line":26,"column":45}},"26":{"start":{"line":27,"column":0},"end":{"line":27,"column":44}},"27":{"start":{"line":28,"column":0},"end":{"line":28,"column":0}},"28":{"start":{"line":29,"column":0},"end":{"line":29,"column":48}},"29":{"start":{"line":30,"column":0},"end":{"line":30,"column":46}},"30":{"start":{"line":31,"column":0},"end":{"line":31,"column":1}},"31":{"start":{"line":32,"column":0},"end":{"line":32,"column":0}},"32":{"start":{"line":33,"column":0},"end":{"line":33,"column":3}},"33":{"start":{"line":34,"column":0},"end":{"line":34,"column":30}},"34":{"start":{"line":35,"column":0},"end":{"line":35,"column":66}},"35":{"start":{"line":36,"column":0},"end":{"line":36,"column":53}},"36":{"start":{"line":37,"column":0},"end":{"line":37,"column":64}},"37":{"start":{"line":38,"column":0},"end":{"line":38,"column":3}},"38":{"start":{"line":39,"column":0},"end":{"line":39,"column":33}},"39":{"start":{"line":40,"column":0},"end":{"line":40,"column":14}},"40":{"start":{"line":41,"column":0},"end":{"line":41,"column":14}},"41":{"start":{"line":42,"column":0},"end":{"line":42,"column":50}},"42":{"start":{"line":43,"column":0},"end":{"line":43,"column":6}},"43":{"start":{"line":44,"column":0},"end":{"line":44,"column":45}},"44":{"start":{"line":45,"column":0},"end":{"line":45,"column":0}},"45":{"start":{"line":46,"column":0},"end":{"line":46,"column":37}},"46":{"start":{"line":47,"column":0},"end":{"line":47,"column":46}},"47":{"start":{"line":48,"column":0},"end":{"line":48,"column":1}},"48":{"start":{"line":49,"column":0},"end":{"line":49,"column":0}},"49":{"start":{"line":50,"column":0},"end":{"line":50,"column":3}},"50":{"start":{"line":51,"column":0},"end":{"line":51,"column":45}},"51":{"start":{"line":52,"column":0},"end":{"line":52,"column":46}},"52":{"start":{"line":53,"column":0},"end":{"line":53,"column":53}},"53":{"start":{"line":54,"column":0},"end":{"line":54,"column":64}},"54":{"start":{"line":55,"column":0},"end":{"line":55,"column":2}},"55":{"start":{"line":56,"column":0},"end":{"line":56,"column":3}},"56":{"start":{"line":57,"column":0},"end":{"line":57,"column":36}},"57":{"start":{"line":58,"column":0},"end":{"line":58,"column":18}},"58":{"start":{"line":59,"column":0},"end":{"line":59,"column":14}},"59":{"start":{"line":60,"column":0},"end":{"line":60,"column":50}},"60":{"start":{"line":61,"column":0},"end":{"line":61,"column":6}},"61":{"start":{"line":62,"column":0},"end":{"line":62,"column":23}},"62":{"start":{"line":63,"column":0},"end":{"line":63,"column":10}},"63":{"start":{"line":64,"column":0},"end":{"line":64,"column":3}},"64":{"start":{"line":65,"column":0},"end":{"line":65,"column":22}},"65":{"start":{"line":66,"column":0},"end":{"line":66,"column":29}},"66":{"start":{"line":67,"column":0},"end":{"line":67,"column":21}},"67":{"start":{"line":68,"column":0},"end":{"line":68,"column":16}},"68":{"start":{"line":69,"column":0},"end":{"line":69,"column":3}},"69":{"start":{"line":70,"column":0},"end":{"line":70,"column":0}},"70":{"start":{"line":71,"column":0},"end":{"line":71,"column":20}},"71":{"start":{"line":72,"column":0},"end":{"line":72,"column":46}},"72":{"start":{"line":73,"column":0},"end":{"line":73,"column":1}}},"s":{"0":1,"1":1,"2":1,"3":1,"4":1,"5":1,"6":1,"7":1,"8":1,"9":1,"10":1,"11":1,"12":1,"13":1,"14":1,"15":1,"16":1,"17":1,"18":1,"19":1,"20":1,"21":1,"22":1,"23":1,"24":1,"25":1,"26":1,"27":1,"28":1,"29":1,"30":1,"31":1,"32":1,"33":1,"34":1,"35":1,"36":1,"37":1,"38":1,"39":1,"40":1,"41":1,"42":1,"43":1,"44":1,"45":1,"46":1,"47":1,"48":1,"49":1,"50":1,"51":1,"52":1,"53":1,"54":1,"55":1,"56":1,"57":2,"58":2,"59":2,"60":2,"61":2,"62":0,"63":0,"64":2,"65":2,"66":2,"67":2,"68":2,"69":2,"70":2,"71":2,"72":2},"branchMap":{"0":{"type":"branch","line":21,"loc":{"start":{"line":21,"column":30},"end":{"line":31,"column":1}},"locations":[{"start":{"line":21,"column":30},"end":{"line":31,"column":1}}]},"1":{"type":"branch","line":26,"loc":{"start":{"line":26,"column":25},"end":{"line":26,"column":45}},"locations":[{"start":{"line":26,"column":25},"end":{"line":26,"column":45}}]},"2":{"type":"branch","line":29,"loc":{"start":{"line":29,"column":27},"end":{"line":29,"column":46}},"locations":[{"start":{"line":29,"column":27},"end":{"line":29,"column":46}}]},"3":{"type":"branch","line":31,"loc":{"start":{"line":31,"column":0},"end":{"line":31,"column":1}},"locations":[{"start":{"line":31,"column":0},"end":{"line":31,"column":1}}]},"4":{"type":"branch","line":39,"loc":{"start":{"line":39,"column":26},"end":{"line":48,"column":1}},"locations":[{"start":{"line":39,"column":26},"end":{"line":48,"column":1}}]},"5":{"type":"branch","line":44,"loc":{"start":{"line":44,"column":25},"end":{"line":44,"column":45}},"locations":[{"start":{"line":44,"column":25},"end":{"line":44,"column":45}}]},"6":{"type":"branch","line":46,"loc":{"start":{"line":46,"column":17},"end":{"line":46,"column":36}},"locations":[{"start":{"line":46,"column":17},"end":{"line":46,"column":36}}]},"7":{"type":"branch","line":48,"loc":{"start":{"line":48,"column":0},"end":{"line":48,"column":1}},"locations":[{"start":{"line":48,"column":0},"end":{"line":48,"column":1}}]},"8":{"type":"branch","line":57,"loc":{"start":{"line":57,"column":29},"end":{"line":73,"column":1}},"locations":[{"start":{"line":57,"column":29},"end":{"line":73,"column":1}}]},"9":{"type":"branch","line":62,"loc":{"start":{"line":62,"column":22},"end":{"line":65,"column":8}},"locations":[{"start":{"line":62,"column":22},"end":{"line":65,"column":8}}]},"10":{"type":"branch","line":73,"loc":{"start":{"line":73,"column":0},"end":{"line":73,"column":1}},"locations":[{"start":{"line":73,"column":0},"end":{"line":73,"column":1}}]}},"b":{"0":[1],"1":[1],"2":[1],"3":[1],"4":[1],"5":[1],"6":[1],"7":[1],"8":[2],"9":[0],"10":[2]},"fnMap":{"0":{"name":"changeTodoDone","decl":{"start":{"line":21,"column":30},"end":{"line":31,"column":1}},"loc":{"start":{"line":21,"column":30},"end":{"line":31,"column":1}},"line":21},"1":{"name":"get","decl":{"start":{"line":31,"column":0},"end":{"line":31,"column":1}},"loc":{"start":{"line":31,"column":0},"end":{"line":31,"column":1}},"line":31},"2":{"name":"deleteTodo","decl":{"start":{"line":39,"column":26},"end":{"line":48,"column":1}},"loc":{"start":{"line":39,"column":26},"end":{"line":48,"column":1}},"line":39},"3":{"name":"get","decl":{"start":{"line":48,"column":0},"end":{"line":48,"column":1}},"loc":{"start":{"line":48,"column":0},"end":{"line":48,"column":1}},"line":48},"4":{"name":"insertNewTodo","decl":{"start":{"line":57,"column":29},"end":{"line":73,"column":1}},"loc":{"start":{"line":57,"column":29},"end":{"line":73,"column":1}},"line":57},"5":{"name":"get","decl":{"start":{"line":73,"column":0},"end":{"line":73,"column":1}},"loc":{"start":{"line":73,"column":0},"end":{"line":73,"column":1}},"line":73}},"f":{"0":1,"1":1,"2":1,"3":1,"4":2,"5":2}}
,"D:\\Projects\\School\\tauri\\todo_list\\src\\utils\\test-utils.tsx": {"path":"D:\\Projects\\School\\tauri\\todo_list\\src\\utils\\test-utils.tsx","all":false,"statementMap":{"0":{"start":{"line":1,"column":0},"end":{"line":1,"column":34}},"1":{"start":{"line":2,"column":0},"end":{"line":2,"column":56}},"2":{"start":{"line":3,"column":0},"end":{"line":3,"column":34}},"3":{"start":{"line":4,"column":0},"end":{"line":4,"column":0}},"4":{"start":{"line":5,"column":0},"end":{"line":5,"column":17}},"5":{"start":{"line":6,"column":0},"end":{"line":6,"column":11}},"6":{"start":{"line":7,"column":0},"end":{"line":7,"column":2}},"7":{"start":{"line":8,"column":0},"end":{"line":8,"column":0}},"8":{"start":{"line":9,"column":0},"end":{"line":9,"column":62}},"9":{"start":{"line":10,"column":0},"end":{"line":10,"column":14}},"10":{"start":{"line":11,"column":0},"end":{"line":11,"column":38}},"11":{"start":{"line":12,"column":0},"end":{"line":12,"column":40}},"12":{"start":{"line":13,"column":0},"end":{"line":13,"column":15}},"13":{"start":{"line":14,"column":0},"end":{"line":14,"column":4}},"14":{"start":{"line":15,"column":0},"end":{"line":15,"column":0}},"15":{"start":{"line":16,"column":0},"end":{"line":16,"column":38}},"16":{"start":{"line":17,"column":0},"end":{"line":17,"column":66}},"17":{"start":{"line":18,"column":0},"end":{"line":18,"column":25}},"18":{"start":{"line":19,"column":0},"end":{"line":19,"column":33}}},"s":{"0":1,"1":1,"2":1,"3":1,"4":1,"5":3,"6":3,"7":1,"8":1,"9":3,"10":3,"11":3,"12":3,"13":3,"14":1,"15":1,"16":1,"17":1,"18":1},"branchMap":{"0":{"type":"branch","line":5,"loc":{"start":{"line":5,"column":10},"end":{"line":7,"column":2}},"locations":[{"start":{"line":5,"column":10},"end":{"line":7,"column":2}}]},"1":{"type":"branch","line":9,"loc":{"start":{"line":9,"column":22},"end":{"line":14,"column":4}},"locations":[{"start":{"line":9,"column":22},"end":{"line":14,"column":4}}]},"2":{"type":"branch","line":12,"loc":{"start":{"line":12,"column":14},"end":{"line":12,"column":40}},"locations":[{"start":{"line":12,"column":14},"end":{"line":12,"column":40}}]},"3":{"type":"branch","line":17,"loc":{"start":{"line":17,"column":37},"end":{"line":17,"column":66}},"locations":[{"start":{"line":17,"column":37},"end":{"line":17,"column":66}}]},"4":{"type":"branch","line":19,"loc":{"start":{"line":19,"column":25},"end":{"line":19,"column":33}},"locations":[{"start":{"line":19,"column":25},"end":{"line":19,"column":33}}]}},"b":{"0":[3],"1":[3],"2":[3],"3":[9],"4":[3]},"fnMap":{"0":{"name":"customRender","decl":{"start":{"line":9,"column":22},"end":{"line":14,"column":4}},"loc":{"start":{"line":9,"column":22},"end":{"line":14,"column":4}},"line":9},"1":{"name":"wrapper","decl":{"start":{"line":12,"column":14},"end":{"line":12,"column":40}},"loc":{"start":{"line":12,"column":14},"end":{"line":12,"column":40}},"line":12},"2":{"name":"get","decl":{"start":{"line":17,"column":37},"end":{"line":17,"column":66}},"loc":{"start":{"line":17,"column":37},"end":{"line":17,"column":66}},"line":17},"3":{"name":"get","decl":{"start":{"line":19,"column":25},"end":{"line":19,"column":33}},"loc":{"start":{"line":19,"column":25},"end":{"line":19,"column":33}},"line":19}},"f":{"0":3,"1":3,"2":9,"3":3}}
}
